500
0 8579 9671 2120 391 7688 5836 4590 8175 9199 9106 1299 4020 4565 4917 7736 7226 989 1534
1 7779 4997 9671 2120 265 7688 4716 5836 8175 9106 5715 884 4565 7226
2 5088 2240 7779 9671 2120 5193 7736 3563 4716 5836 8175 9106 1299 884 4565 9013 7699 5816 7226
3 2240 6020 9671 2120 265 7736 3563 4716 8175 989 9106 1299 884 4565 9013 5816 2077 1534
4 9671 2120 265 3563 4716 5836 8175 9106 1299 884 4565 5816 2077 1534
5 5088 2240 7779 4997 9671 2120 265 3563 4716 5836 8175 9199 9106 1299 884 4565 9013 7736
6 9671 2120 265 3563 4716 5836 8175 9106 1299 884 4565 5816 2077 1534
7 9671 2120 265 3563 4716 5836 8175 9106 1299 884 4565 5816 2077 1534
8 7779 4997 9671 2120 265 7688 3563 5836 8175 9106 1299 884 4565 9013 7699 5816 2077
9 2240 7779 4997 9671 2120 265 3563 4716 5836 8175 2288 9106 1299 4565 5816 2077 1534
10 2240 7779 4997 9671 2120 265 3563 4716 5836 8175 2288 9106 1299 4565 5816 2077 1534
11 7779 9671 2120 7688 7736 5836 8175 989 9106 1299 4565 4917 5816 7226 2077 5727
12 6020 4997 9671 2120 265 3563 5836 3758 8175 9199 2288 9106 1299 884 4565 2805 7736 7226 989 1534
13 7779 4997 9671 2120 265 3563 4716 5836 8175 9199 9106 1299 884 5715 5816 2077
14 7779 4997 9671 2120 4716 5836 8175 9106 1299 884 4565 5816 2617 7226 2077
15 9671 2120 265 3563 4716 5836 8175 9106 1299 884 4565 5816 2077 1534
16 9671 2120 265 3563 4716 5836 8175 9106 1299 884 4565 5816 2077 1534
17 7779 4997 9671 2120 265 935 3563 4716 5836 8175 9106 1299 5715 4565 5816 2077 1534
18 7779 9671 2120 391 5836 8175 9199 2288 9106 1299 884 4565 4917 9013 7736 7699 7226 989 1534
19 2240 7779 9671 2120 265 7688 3563 4716 5836 7736 8175 9199 1299 884 4565 9013 5816 2077
20 2240 7779 4997 9671 2120 265 7688 3563 5836 7736 8175 9106 1299 884 4565 5816 2077 1534
21 4997 9671 2120 7736 3563 4716 3758 8175 989 9199 9106 1299 884 4565 5715 5816 7226 2077 1534
22 7779 9671 2120 265 7736 3563 4716 5836 8175 9106 7699 884 4565 5816
23 7779 4997 9671 2120 265 7688 3563 4716 5836 8175 9106 1299 884 4565 9013 5715
24 9671 2120 265 3563 4716 5836 8175 9106 1299 884 4565 5816 2077 1534
25 9671 2120 265 3563 4716 5836 8175 9106 1299 884 4565 5816 2077 1534
26 7779 4997 9671 2120 265 7736 4716 5836 989 9106 1299 7699 4565 4917 9013 5816 5715 7226 2077
27 2240 7779 8579 4997 9671 2120 7736 3563 4716 5836 8175 9106 1299 884 4565 5816 2077
28 9671 2120 265 3563 4716 5836 8175 9106 1299 884 4565 5816 2077 1534
29 7779 9671 2120 265 3563 4716 8175 989 9106 1299 7699 4565 2805 5816 2077
30 7779 4997 9671 2120 265 7688 3563 5836 8175 9106 1299 884 4565 9013 7699 5816 2077
31 7779 9671 2120 265 3563 4716 5836 8175 9199 9106 1299 884 4565 5816
32 7779 9671 2120 265 5193 3563 5836 8175 989 9199 9106 1299 884 4565 5715 5816 2077
33 2240 4997 9671 2120 265 7688 3563 4716 5836 8175 9106 1299 884 4565 7736 2077
34 7779 3012 4997 9671 2120 7688 3563 4716 5836 989 9106 7699 4565 4917 5816 2077 5727
35 9671 2120 265 3563 4716 5836 8175 9106 1299 884 4565 5816 2077 1534
36 7779 6020 9671 2120 265 6248 3563 5836 7736 8175 2288 9106 1299 7699 4565 5816 7226 989
37 3936 4997 9671 2120 265 7688 3563 4716 5836 8175 989 9106 1299 884 9013 5816 2077
38 9671 2120 265 3563 4716 5836 8175 9106 1299 884 4565 5816 2077 1534
39 7779 4997 9671 2120 265 7736 4716 5836 8175 2288 9106 7699 884 4565 5816 2077
40 9671 2120 265 3563 4716 5836 8175 9106 1299 884 4565 5816 2077 1534
41 9671 2120 265 3563 4716 5836 8175 9106 1299 884 4565 5816 2077 1534
42 7779 6020 9671 2120 265 3563 5836 8175 2288 9106 1299 884 4565 7736 7226 2077
43 7779 4997 9671 2120 265 3563 4716 5836 8175 2288 9106 1299 5715 4565 5816 2077 1534
44 7779 4997 2120 265 3563 4716 5836 8175 989 9199 9106 1299 4565 5816 2077
45 7779 9671 2120 7688 7736 3563 4716 5836 3758 8175 989 9199 9106 5715 884 4565 9013 5816 2077
46 2240 7779 4997 9671 2120 265 7736 935 4716 5836 8175 2288 9106 2962 884 4565 5816 2077
47 7779 4997 9671 2120 265 7688 3563 5836 7736 8175 9106 1299 884 4565 5715 5816 2077 1534
48 9671 2120 265 5193 4716 5836 8175 989 9106 1299 884 4565 2805 5816 2077
49 9671 2120 265 3563 4716 5836 8175 9106 1299 884 4565 5816 2077 1534
50 2240 7779 4997 9671 2120 3563 4716 8175 9106 1299 884 4565 1523 7226 2077
51 9671 2120 265 3563 4716 5836 8175 9106 1299 884 4565 5816 2077 1534
52 2240 7779 9671 2120 265 5193 3563 5836 8175 989 9199 9106 1299 884 4565 5816 2077
53 7779 9671 2120 265 4716 5836 8175 9106 1299 4565 5816 2617 7226 2077
54 2240 7779 4997 9671 2120 265 3563 4716 5836 8175 884 4565 2805 2077 1534
55 898 7779 4997 9671 2120 3563 4716 5836 8175 2288 9106 1299 884 4565 5816 2077 1534
56 7779 6020 4997 9671 2120 265 7688 3563 8175 2288 9106 1299 884 4565 7736 7226 2077 1534
57 5088 4997 9671 2120 4716 5836 8175 989 9106 884 4565 4917 2805 5816 2077 1534
58 5088 7779 4997 9671 2120 265 3563 4716 5836 8175 2288 9106 1299 5715 4565 7736 7226
59 2240 4997 9671 2120 265 7688 3563 4716 7736 8175 9106 1299 884 4565 5816 2077
60 7779 4997 9671 2120 265 4716 8175 2288 1299 884 4565 1523 7699 5816 7226 2077
61 5088 9671 2120 265 7736 3563 5836 8175 2288 9106 1299 884 4565 5715 5816 7226 2077
62 7779 6020 9671 2120 265 7736 3563 8175 2288 9106 1299 7699 4565 4917 9013 5816 7226 2077
63 7779 4997 9671 2120 265 3563 4716 5836 8175 2288 9106 1299 5715 4565 5816 2077 1534
64 9671 2120 265 3563 4716 5836 8175 9106 1299 884 4565 5816 2077 1534
65 8579 4997 9671 2120 391 7688 5836 3758 8175 9199 9106 1299 5715 4565 2805 9013 7736 7226 989 1534 5727
66 7779 4997 9671 2120 265 5193 4716 8175 989 9106 884 4565 9013 5816 2077
67 2240 4997 9671 2120 265 7688 3563 4716 935 8175 9199 9106 1299 884 4565 5816 2077
68 4997 9671 2120 265 7688 3563 4716 5836 8175 989 9106 1299 5715 4565 9013 5816 2077
69 2240 7779 6020 4997 9671 2120 265 7688 5836 8175 989 9199 9106 1299 884 4565 7699 4020 7226 2077 1534
70 4997 9671 2120 7688 4716 5836 8175 9106 1299 884 4565 4917 9013 5816 7226 989
71 9671 2120 265 3563 4716 5836 8175 9106 1299 884 4565 5816 2077 1534
72 7779 4997 9671 2120 265 5193 3563 4716 5836 989 2288 9106 5715 4565 4917 5816 2077
73 7779 6020 9671 2120 391 5836 8175 9199 2288 9106 1299 884 4565 4917 7736 7226 989
74 7779 4997 9671 2120 265 7688 3563 5836 8175 9106 1299 884 4565 9013 7699 5816 2077
75 4997 9671 7688 265 7736 4716 5836 3758 8175 9199 9106 1299 884 4565 9013 5715 5816 7226 2077 1534
76 9671 2120 265 3563 4716 5836 8175 9106 1299 884 4565 5816 2077 1534
77 7779 8579 9671 2120 265 7736 3563 4716 5836 8175 9106 1299 5715 4565 5816 2077
78 9671 2120 265 3563 4716 5836 8175 9106 1299 884 4565 5816 2077 1534
79 5088 3936 7779 9671 2120 265 3563 5836 8175 9106 1299 884 4565 9013 5816 7226
80 4997 9671 2120 265 7688 3563 4716 5836 7736 8175 989 9199 9106 4565 5816 2077
81 7779 4997 9671 2120 265 6248 7688 5836 5193 8175 2288 9106 884 4565 7226 989
82 4997 9671 2120 265 7688 3563 4716 5836 8175 9106 1299 884 4565 5715 7736 2077
83 7779 6020 4997 9671 2120 265 7688 3563 8175 989 884 4565 4917 9013 5816 2077 1534
84 9671 2120 265 3563 4716 5836 8175 9106 1299 884 4565 5816 2077 1534
85 7779 4997 9671 2120 7688 5193 3563 4716 5836 8175 9199 9106 1299 884 5715 5816 7226 2077
86 2240 4997 9671 2120 265 7688 3563 4716 5836 8175 9106 1299 884 4565 7736 2077
87 7779 4997 9671 2120 265 5193 3563 4716 935 8175 2288 9106 1299 884 4565 2077
88 5088 2240 7779 4997 9671 2120 265 7736 3563 4716 5836 8175 9199 9106 1299 7699 4565 9013 5816 989
89 9671 2120 265 3563 4716 5836 8175 9106 1299 884 4565 5816 2077 1534
90 7779 9671 2120 265 7688 3563 4716 5836 7736 8175 9199 1299 884 4565 9013 5715 5816 2077
91 5088 7779 9671 2120 265 7736 3563 5836 8175 9106 1299 884 4565 5816 7226 1534
92 9671 2120 265 3563 4716 5836 8175 9106 1299 884 4565 5816 2077 1534
93 7779 9671 2120 265 4716 5836 8175 989 1299 884 4565 7699 2617 7226 2077
94 2240 9671 2120 265 3563 4716 5836 8175 2288 9106 1299 884 4565 7699 5816 2077
95 2240 4997 9671 2120 265 7688 7736 4716 5836 8175 9199 9106 1299 884 4565 9013 5816 7226 1534
96 2240 7779 6020 9671 2120 265 7688 3563 4716 5836 7736 8175 1299 884 4565 5816 2077
97 9671 2120 265 3563 4716 5836 8175 9106 1299 884 4565 5816 2077 1534
98 9671 2120 265 3563 4716 5836 8175 9106 1299 884 4565 5816 2077 1534
99 7779 4997 9671 2120 265 7736 4716 5836 8175 9106 1299 884 4565 5816 2077
100 2240 7779 4997 9671 2120 6248 7688 3563 4716 7736 989 2288 9106 1299 884 4565 9013 5816 7226 2077 1534
101 9671 2120 265 3563 4716 5836 8175 9106 1299 884 4565 5816 2077 1534
102 7779 4997 9671 2120 265 7736 4716 5836 8175 9106 1299 884 4565 5816 2077
103 898 7779 4997 9671 2120 3563 4716 5836 8175 2288 9106 1299 884 4565 5816 2077 1534
104 4997 9671 2120 6248 3563 5836 8175 2288 9106 1299 4565 4917 9013 7736 7226 989 5727
105 4997 9671 2120 265 7688 3563 4716 5836 8175 9106 1299 884 4565 5715 7736 2077
106 2240 7779 8579 4997 9671 2120 7736 3563 4716 5836 8175 9106 1299 884 4565 5816 2077
107 2240 6020 4997 9671 2120 7688 3563 4716 5836 8175 9106 884 4565 4917 9013 5816 989
108 9671 2120 7688 5193 3563 4716 5836 8175 9106 1299 884 4565 5816 7226 2077 1534
109 5088 7779 4997 9671 2120 265 4716 5836 8175 989 9106 5715 4565 4917 9013 2077
110 2240 7779 4997 9671 2120 265 3563 4716 5836 8175 2288 9106 1299 4565 5816 2077 1534
111 9671 2120 265 3563 4716 5836 8175 9106 1299 884 4565 5816 2077 1534
112 2240 7779 4997 9671 2120 6248 7688 5193 4716 5836 8175 989 9106 7699 4565 4917 5816 2077 1534
113 9671 2120 265 3563 4716 5836 8175 9106 1299 884 4565 5816 2077 1534
114 2240 4997 9671 2120 265 7688 3563 4716 5836 8175 9106 1299 884 4565 7736 2077
115 4997 9671 2120 391 4716 5836 8175 989 2288 9106 884 4565 5816 2077
116 4997 9671 2120 265 7688 935 4716 5836 8175 989 2288 9106 1299 884 4565 9013 5816 2077
117 5088 7779 9671 2120 265 7736 3563 5836 8175 9106 1299 884 4565 5816 7226 1534
118 2120 265 7736 3563 4716 5836 8175 9106 1299 884 4565 9013 4020 5816 7226
119 2240 7779 9671 2120 265 3563 4716 5836 989 9106 884 4917 2805 5816 2077
120 7779 4997 9671 2120 3563 4716 5836 8175 989 9106 1299 1523 4565 7699 5715 7226 2077
121 4997 9671 2120 265 7688 3563 4716 7736 8175 9106 1299 884 4565 5715 5816 2077
122 2240 7779 6020 9671 2120 265 7688 3563 4716 5836 7736 8175 1299 884 4565 5816 2077
123 7779 4997 9671 2120 265 3563 4716 5836 8175 2288 9106 1299 5715 4565 5816 2077 1534
124 9671 2120 265 7736 3563 4716 5836 8175 9106 884 4565 5816 2077
125 2240 7779 8579 4997 9671 2120 7736 3563 4716 5836 8175 9106 1299 884 4565 5816 2077
126 9671 2120 265 3563 4716 5836 8175 9106 1299 884 4565 5816 2077 1534
127 7779 9671 2120 265 5193 3563 4716 5836 8175 9106 1299 5715 4565 2805 5816 989
128 6020 9671 2120 265 7736 3563 4716 745 8175 989 9199 9106 1299 884 4565 5816 2077 1534
129 2240 7779 4997 9671 2120 265 391 7736 5836 1299 4565 4917 2805 9013 7226 989 1534 5727
130 9671 2120 265 3563 4716 5836 8175 9106 1299 884 4565 5816 2077 1534
131 5088 2240 7779 9671 2120 265 3563 5836 8175 2288 9106 1299 884 4565 9013 5816 7226
132 7779 4997 9671 2120 7688 5193 3563 4716 5836 3758 8175 2288 9106 1299 4565 5816 7226 2077
133 2240 7779 9671 2120 265 7688 3563 4716 5836 8175 1299 884 4565 9013 1429 5816 7699 2077 1534
134 9671 2120 265 3563 4716 5836 8175 9106 1299 884 4565 5816 2077 1534
135 9671 2120 265 3563 4716 5836 8175 9106 1299 884 4565 5816 2077 1534
136 9671 2120 265 3563 4716 5836 8175 9106 1299 884 4565 5816 2077 1534
137 2240 2120 265 3563 4716 5836 8175 989 9106 1299 884 4565 5816 2077 1534
138 2240 7779 4997 9671 2120 265 7688 3563 4716 5836 8175 9106 1299 884 4565 9013
139 5088 7779 4997 9671 2120 265 7736 5836 8175 2288 9106 1299 884 4565 5816 7226 2077 1534
140 9671 2120 265 3563 4716 5836 8175 9106 1299 884 4565 5816 2077 1534
141 9671 2120 265 3563 4716 5836 8175 9106 1299 884 4565 5816 2077 1534
142 7779 4997 9671 2120 265 7736 3563 4716 5836 8175 9106 7699 884 5715 5816 2077
143 6020 4997 9671 2120 265 7688 4716 5836 8175 9106 1299 884 4565 9013 7699 5816 7226
144 7779 8579 9671 2120 7736 3563 4716 5836 9106 1299 884 4565 4917 9013 5816 7226 989 1534
145 9671 2120 265 3563 4716 5836 8175 9106 1299 884 4565 5816 2077 1534
146 7779 8579 4997 9671 2120 265 7736 5836 8175 2288 9106 1299 884 4565 9013 5816 7226 989
147 9671 2120 265 935 3563 4716 5836 8175 9106 1299 884 4565 7699 5715 5816 2077
148 2240 4997 9671 2120 265 7688 3563 4716 5836 8175 9106 1299 884 4565 7736 2077
149 9671 2120 265 3563 4716 5836 8175 9106 1299 884 4565 5816 2077 1534
150 9671 2120 265 3563 4716 5836 8175 9106 1299 884 4565 5816 2077 1534
151 2240 6020 9671 7688 265 5836 4590 8175 9106 884 4565 4917 9013 7736 989 5727
152 2240 7779 4997 9671 2120 265 935 3563 4716 5836 8175 9106 1299 4565 5816 2077 1534
153 2240 4997 9671 2120 265 7688 3563 4716 5836 8175 9106 1299 884 4565 7736 2077
154 9671 2120 265 3563 4716 5836 8175 9106 1299 884 4565 5816 2077 1534
155 2240 4997 9671 2120 265 7688 3563 4716 5836 8175 9106 1299 884 4565 7736 2077
156 7779 4997 9671 2120 265 7688 3563 5836 935 8175 2288 9106 1299 884 4565 9013 5816 2077
157 5088 4997 9671 2120 265 5836 8175 9199 9106 1299 884 4565 4917 2805 5715 7226 989
158 2240 4997 9671 2120 265 7688 3563 4716 7736 8175 9106 1299 884 4565 5816 2077
159 7779 9671 2120 265 3563 5836 8175 9199 2288 9106 1299 884 4565 9013 7736 7226 2077
160 6020 9671 2120 265 7736 3563 4716 5836 8175 989 9106 1299 4565 2805 9013 5816 2077
161 9671 2120 265 3563 4716 5836 8175 9106 1299 884 4565 5816 2077 1534
162 2240 4997 9671 2120 265 7688 3563 4716 5836 8175 9106 1299 884 4565 7736 2077
163 9671 2120 265 3563 4716 5836 8175 9106 1299 884 4565 5816 2077 1534
164 7779 4997 9671 2120 6248 7736 3563 5836 8175 9199 2288 9106 1299 884 4565 9013 7699 5816 7226 989
165 4997 9671 2120 6248 3563 4716 8175 989 9199 9106 1299 884 4565 4917 9013 5715 2077
166 5088 7779 4997 9671 2120 265 3563 5836 8175 2288 9106 1299 4565 9013 5816 7226 2077
167 898 7779 4997 9671 2120 3563 4716 5836 8175 2288 9106 1299 884 4565 5816 2077 1534
168 2240 7779 4997 9671 2120 7688 5193 3563 4716 5836 8175 2288 9106 1299 4565 5816 7226 2077 1534
169 9671 2120 265 3563 4716 5836 8175 9106 1299 884 4565 5816 2077 1534
170 4997 9671 2120 265 6248 7688 7736 8175 989 9199 9106 1299 884 4565 9013 7699 5816 5715 7226 2077 1534
171 2240 7779 4997 9671 2120 265 4716 5836 989 2288 1299 884 4565 4917 2805 9013 7226 2077 1534
172 9671 2120 265 3563 4716 5836 8175 9106 1299 884 4565 5816 2077 1534
173 7779 4997 9671 2120 265 3563 4716 5836 8175 2288 9106 1299 5715 4565 5816 2077 1534
174 7779 4997 9671 2120 265 7688 5193 4716 5836 8175 9199 9106 1299 884 4565 2805 989
175 9671 2120 265 3563 4716 5836 8175 9106 1299 884 4565 5816 2077 1534
176 7779 4997 9671 2120 265 7688 3563 5836 8175 9106 1299 884 4565 9013 7699 5816 2077
177 5088 2240 9671 2120 265 7736 3563 5836 8175 2288 9106 1299 884 4565 5816 7226 2077
178 7779 4997 9671 2120 265 5193 4716 5836 8175 989 9199 9106 1299 884 4565 2077
179 5088 7779 4997 9671 2120 265 8175 9199 1299 884 4565 4917 7699 7226 989 5727
180 7779 4997 9671 2120 265 7688 3563 5836 935 8175 2288 9106 1299 884 4565 9013 5816 2077
181 7779 4997 9671 2120 265 5193 4716 5836 8175 989 9199 9106 1299 884 4565 2077
182 2240 7779 9671 2120 265 5193 3563 5836 8175 989 9199 9106 1299 884 4565 5816 2077
183 5088 4997 9671 2120 265 7736 3563 4716 8175 9106 1299 884 4565 9013 5715 5816 2077 1534
184 6020 4997 9671 2120 265 6248 7688 3758 8175 1299 1523 4565 4917 2805 9013 7226 989 5727
185 7779 4997 9671 2120 265 3563 4716 5836 8175 2288 9106 1299 5715 4565 5816 2077 1534
186 2240 7779 4997 9671 2120 265 3563 4716 5836 8175 2288 9106 1299 4565 5816 2077 1534
187 7779 4997 2120 265 7736 3563 4716 5836 8175 989 9106 1299 884 5816 2077
188 2240 7779 8579 4997 9671 2120 7736 3563 4716 5836 8175 9106 1299 884 4565 5816 2077
189 4997 9671 2120 265 7688 3563 4716 7736 8175 9106 1299 884 4565 5715 5816 2077
190 2240 7779 4997 9671 2120 7688 7736 3563 4716 5836 8175 2288 1299 884 4565 5816 7226 2077
191 7779 6020 4997 265 7736 4716 5836 8175 2288 9106 1299 884 4565 5816 7226 2077 1534
192 9671 2120 265 3563 4716 5836 8175 9106 1299 884 4565 5816 2077 1534
193 3936 7779 4997 9671 2120 265 5193 3563 4716 5836 8175 989 9106 1299 884 2077 1534
194 2240 4997 9671 2120 265 7688 3563 4716 7736 8175 9106 1299 884 4565 5816 2077
195 8579 4997 9671 2120 265 7688 5836 3758 8175 9199 9106 1299 884 4565 4917 9013 7736 5715 7226 989 1534
196 2240 9671 2120 265 5193 3563 4716 5836 8175 989 9106 1299 884 4565 7699 2077
197 7779 4997 9671 2120 265 7688 3563 5836 8175 9106 1299 884 4565 9013 7699 5816 2077
198 2240 7779 4997 9671 2120 265 7688 4716 5836 8175 9106 1299 884 4565 9013 5816 989 1534
199 2240 7779 9671 2120 265 7688 3563 4716 5836 7736 8175 935 1299 4565 5816 7226 2077
200 2240 7779 9671 2120 265 7688 3563 4716 5836 7736 8175 9199 1299 884 4565 9013 5816 2077
201 2240 7779 4997 9671 2120 265 7688 3563 5836 8175 9106 4565 5816 7226 2077
202 4997 9671 2120 265 7688 3563 4716 5836 8175 9106 1299 884 4565 5715 7736 2077
203 7779 9671 2120 7688 7736 3563 4716 5836 8175 989 9199 9106 1299 884 4565 9013 2288 5816 5715 2077
204 9671 2120 265 3563 4716 5836 8175 9106 1299 884 4565 5816 2077 1534
205 5088 321 7779 9671 2120 265 3563 5836 8175 2288 9106 1299 884 4565 9013 5816 7226
206 7779 4997 9671 2120 7688 7736 3563 4716 5836 8175 2288 1299 884 4565 5715 5816 7226 2077
207 7779 4997 9671 3563 4716 5836 8175 989 9199 9106 1299 884 4565 9013 7699 7736 7226 2077 1534
208 2240 7779 4997 9671 2120 265 3563 4716 5836 8175 2288 9106 1299 4565 5816 2077 1534
209 7779 4997 9671 2120 7736 3563 5836 8175 989 1299 884 4565 4917 5816 7226 2077
210 7779 4997 9671 2120 265 7736 3563 4716 5836 989 9106 1299 884 4565 9013 5816 2077 1534
211 2240 7779 6020 9671 2120 7688 7736 3563 4716 5836 8175 9199 2288 9106 1299 884 4565 9013 5816 7226
212 9671 2120 265 3563 4716 5836 8175 9106 1299 884 4565 5816 2077 1534
213 7779 4997 9671 2120 3563 4716 8175 989 9199 9106 1523 884 4565 9013 2288 5816 2077 1534
214 7779 6020 4997 9671 2120 6248 7688 4716 5836 8175 989 9199 9106 1299 884 4565 5816 2077 1534
215 2240 7779 9671 6248 935 7736 4716 989 9106 1299 884 4565 4917 9013 5816 7226 2077 5727
216 9671 2120 265 3563 4716 5836 8175 9106 1299 884 4565 5816 2077 1534
217 9671 2120 265 3563 4716 5836 8175 9106 1299 884 4565 5816 2077 1534
218 2240 4997 9671 2120 265 7688 3563 4716 7736 8175 9106 1299 884 4565 5816 2077
219 9671 2120 265 3563 4716 5836 8175 9106 1299 884 4565 5816 2077 1534
220 3936 7779 6020 9671 2120 265 7688 3563 4716 5836 8175 9199 1299 884 4565 5816 2077
221 2240 7779 9671 2120 7688 3563 4716 5836 8175 9106 1299 884 4565 7736 7226 2077
222 2240 7779 9671 2120 265 5193 3563 4716 5836 8175 9106 1299 4565 2805 5816 989
223 5088 7779 8579 9671 2120 3563 5836 8175 989 2288 9106 7699 884 4565 4917 9013 5816 2077
224 4997 9671 2120 265 7688 3563 4716 5836 8175 9106 1299 884 4565 5715 7736 2077
225 9671 2120 265 3563 4716 5836 8175 9106 1299 884 4565 5816 2077 1534
226 9671 2120 265 3563 4716 5836 8175 9106 1299 884 4565 5816 2077 1534
227 7779 9671 2120 7688 5193 3563 4716 5836 8175 9199 9106 1299 884 4565 5816 7226
228 9671 2120 265 3563 4716 5836 8175 9106 1299 884 4565 5816 2077 1534
229 9671 2120 265 3563 4716 5836 8175 9106 1299 884 4565 5816 2077 1534
230 7779 4997 9671 2120 265 7736 4716 5836 8175 9106 1299 884 4565 5816 2077
231 2240 4997 9671 2120 265 7688 3563 5836 7736 8175 989 9199 1299 884 4565 9013 7699 5816 7226 2077 1534
232 9671 2120 265 3563 4716 5836 8175 9106 1299 884 4565 5816 2077 1534
233 5088 4997 9671 2120 3563 4716 5836 8175 9106 1299 884 4565 9013 5816 7226 989
234 9671 2120 265 7736 3563 4716 5836 8175 9106 884 4565 5816 2077
235 9671 2120 265 3563 4716 5836 8175 9106 1299 884 4565 5816 2077 1534
236 2240 7779 4997 9671 2120 265 3563 4716 5836 8175 2288 9106 1299 4565 5816 2077 1534
237 7779 4997 9671 2120 265 3563 4716 5836 8175 2288 9106 1299 5715 4565 5816 2077 1534
238 9671 2120 265 3563 4716 5836 8175 9106 1299 884 4565 5816 2077 1534
239 7779 4997 9671 2120 265 6248 3563 7688 8175 989 9199 9106 884 4565 9013 2077
240 9671 2120 265 3563 4716 5836 8175 9106 1299 884 4565 5816 2077 1534
241 9671 2120 265 3563 4716 5836 8175 9106 1299 884 4565 5816 2077 1534
242 7779 9671 2120 7688 7736 3563 4716 5836 8175 989 9199 9106 1299 884 4565 9013 2288 5816 5715 2077
243 9671 2120 265 3563 4716 5836 8175 9106 1299 884 4565 5816 2077 1534
244 9671 2120 265 7736 3563 4716 5836 8175 9106 884 4565 5816 2077
245 7779 4997 9671 2120 265 7688 3563 5836 8175 9106 1299 884 4565 9013 7699 5816 2077
246 7779 9671 2120 7688 5193 3563 4716 8175 989 9199 9106 1299 884 4565 5715 7226 2077
247 7779 4997 9671 2120 265 935 3563 4716 5836 8175 9106 1299 5715 4565 5816 2077 1534
248 7779 4997 9671 2120 265 5836 8175 1299 884 4565 4917 5816 2617 7226 989 1534
249 7779 4997 9671 2120 4716 5836 8175 9106 1299 884 4565 5816 2617 7226 2077
250 2240 7779 4997 9671 2120 265 7688 3563 4716 8175 9106 1299 884 4565 9013 5816
251 9671 2120 265 3563 4716 5836 8175 9106 1299 884 4565 5816 2077 1534
252 7779 9671 2120 265 7688 3563 4716 5836 7736 8175 9199 1299 884 4565 9013 5715 5816 2077
253 4997 9671 2120 265 7688 4716 5836 8175 989 9106 1299 884 4565 9013 7699 5816 2077
254 3936 7779 4997 9671 2120 265 6248 4716 5836 8175 9199 2288 9106 1299 4565 9013 7736 7226 989
255 7779 8579 4997 9671 2120 7736 3563 4716 5836 8175 9106 1299 884 4565 5715 5816 2077
256 7779 4997 9671 2120 4716 5836 8175 9106 1299 884 4565 5816 2617 7226 2077
257 2240 7779 4997 9671 2120 265 3563 4716 5836 8175 9199 9106 1299 884 5816 2077
258 2240 7779 4997 9671 2120 3563 4716 5836 8175 2288 1299 884 4565 4917 7226 989 1534
259 4997 9671 2120 265 7688 4716 5836 8175 989 9106 1299 884 4565 9013 7699 5816 2077
260 9671 2120 265 3563 4716 5836 8175 9199 2288 9106 884 4565 5816 2077
261 7779 4997 9671 2120 7736 3563 5836 8175 989 9199 9106 1299 884 4565 9013 7699 5816 2288 7226 2077
262 9671 2120 265 3563 4716 5836 8175 2288 9106 1299 884 4565 7699 5715 5816 2077
263 2240 4997 9671 2120 265 7688 3563 4716 5836 935 8175 9199 9106 1299 884 4565 2077
264 2240 4997 9671 2120 265 7688 3563 4716 7736 8175 9106 1299 884 4565 5816 2077
265 9671 2120 265 7736 5836 8175 9199 2288 9106 1299 884 4565 4917 2805 1523 9013 7226 7699 5715 989 1534
266 5088 8579 9671 2120 3563 4716 5836 8175 9106 1299 884 4565 9013 7699 5816 7226 989
267 9671 2120 265 3563 4716 5836 8175 9106 1299 884 4565 5816 2077 1534
268 4997 9671 2120 265 7688 3563 4716 5836 8175 9106 1299 884 4565 5715 7736 2077
269 2240 7779 8579 9671 2120 265 7736 3563 4716 5836 935 8175 9106 1299 884 5816 2077
270 4997 9671 2120 265 6248 3563 4716 5836 8175 2288 9106 1299 7699 4565 5816 2077
271 7779 4997 9671 2120 265 4199 3563 4716 5836 8175 9106 1299 4565 5816 2077 1534
272 9671 2120 265 3563 4716 5836 8175 9106 1299 884 4565 5816 2077 1534
273 5088 7779 9671 2120 265 3563 5836 8175 2288 9106 1299 884 4565 9013 5715 5816 7226
274 9671 2120 3563 4716 5836 8175 9106 884 4565 5816 2617 7226 2077
275 9671 2120 265 3563 4716 5836 8175 9106 1299 884 4565 5816 2077 1534
276 2240 8579 4997 9671 2120 265 3563 4716 5836 8175 9106 1299 7699 4565 9013 7226 989
277 2240 7779 8579 9671 2120 265 3563 4716 8175 989 1299 884 4565 9013 5816 2077
278 5088 4997 9671 2120 265 7736 4716 8175 2288 9106 1299 884 4565 5816 7226 2077
279 2240 9671 7688 265 7736 3563 4716 5836 935 8175 9199 9106 1299 884 4565 9013 7699 5816 7226 1534
280 9671 2120 265 3563 4716 5836 8175 9106 1299 884 4565 5816 2077 1534
281 7779 9671 2120 265 7688 4716 5836 8175 2288 1299 884 4565 9013 5816 7226 2077
282 9671 2120 265 3563 4716 5836 8175 9106 1299 884 4565 5816 2077 1534
283 9671 2120 265 7736 3563 4716 8175 9199 2288 9106 1299 884 4565 2805 9013 5816 7699 2077 1534
284 5088 2240 7779 9671 2120 265 5836 8175 989 2288 9106 1299 884 4565 2805 7736 7226 2077
285 9671 2120 7688 5193 3563 4716 5836 8175 9106 1299 884 4565 5816 7226 2077 1534
286 4997 9671 2120 265 7688 3563 4716 5836 8175 989 9106 1299 5715 4565 9013 5816 2077
287 7779 4997 9671 2120 265 7688 3563 5836 7736 8175 9106 1299 884 4565 2962 5816 2077 1534
288 4997 9671 2120 5193 3563 5836 4590 8175 989 9199 9106 1299 884 4917 7438 7736 7226 2077 1534
289 7779 9671 2120 265 7688 3563 4716 5836 7736 8175 9199 1299 884 4565 9013 5715 5816 2077
290 7779 4997 9671 7688 265 7736 3563 4716 5836 8175 989 9106 1299 4565 9013 5816 2077
291 2240 7779 9671 265 3563 4716 5836 8175 9199 9106 1299 884 4565 5816 2077 1534
292 9671 2120 6248 7688 3563 4716 5836 7736 8175 989 9199 9106 7699 884 4565 9013 5715 5816 2077
293 2240 4997 9671 2120 265 7688 3563 4716 5836 8175 9106 1299 884 4565 7736 2077
294 9671 2120 265 3563 4716 5836 8175 9106 1299 884 4565 5816 2077 1534
295 2240 7779 4997 9671 2120 265 7688 3563 4716 5836 8175 9106 1299 7699 4565 9013 5816 989
296 7779 9671 2120 7688 3563 4716 5836 8175 9106 1299 884 4565 5715 7736 7226 2077
297 9671 2120 265 7688 3563 4716 5836 7736 8175 9199 9106 7699 5715 4565 4917 9013 5816 989
298 4997 7688 265 9106 1299 7699 935 9013 7736 7226 9671 2120 5836 5715 4565 989 7779 6248 8175 9199 2288 884 1534
299 7779 4997 9671 2120 7688 5193 3563 4716 5836 8175 2288 9106 1299 5715 4565 5816 7226 2077 1534
300 7779 9671 2120 265 3563 5836 8175 9199 2288 9106 1299 884 4565 9013 7736 7226 2077
301 2240 4997 9671 2120 6248 5836 8175 9106 1299 884 4565 4917 9013 7736 7699 7226 989 5727
302 9671 2120 265 3563 4716 5836 8175 9106 1299 884 4565 5816 2077 1534
303 7779 4997 9671 2120 265 6248 3563 5836 7688 8175 9199 2288 9106 1299 7699 4565 9013 7736 7226 989 1534
304 2240 7779 8579 4997 9671 2120 7736 3563 4716 5836 8175 9106 1299 884 4565 5816 2077
305 7779 4997 9671 7688 265 7736 935 4716 5836 8175 989 9106 1299 884 4565 9013 5715 5816 2077
306 9671 2120 265 3563 4716 5836 8175 9106 1299 884 4565 5816 2077 1534
307 9671 2120 265 3563 4716 5836 8175 9106 1299 884 4565 5816 2077 1534
308 4997 9671 2120 265 7688 4716 5836 8175 989 9106 1299 884 4565 9013 7699 5816 2077
309 9671 2120 265 7736 3563 4716 5836 8175 9106 884 4565 5816 2077
310 7779 9671 2120 265 3563 4716 5836 8175 9199 9106 1299 884 4565 5816
311 7779 6020 4997 9671 2120 265 4716 5836 8175 989 9199 9106 2288 884 4565 9013 7736 2077 1534
312 3936 7779 6020 9671 2120 265 3563 8175 9199 9106 1299 884 4565 5715 5816 7226 2077
313 7779 9671 2120 265 7688 3563 4716 5836 7736 8175 9199 1299 884 4565 9013 5715 5816 2077
314 4997 2120 265 5193 3563 4716 5836 8175 9106 1299 884 4565 5816 2077
315 2240 7779 6020 9671 2120 265 7688 3563 4716 5836 7736 8175 1299 884 4565 5816 2077
316 7779 9671 265 3563 4716 5836 8175 2288 9106 1299 884 4565 9013 5816 2077
317 7779 9671 2120 7688 3563 4716 5836 8175 989 9106 1299 5715 4565 9013 5816 7226 2077
318 7779 4997 9671 2120 6248 5836 8175 9106 1299 1523 4565 4917 7226 989 5727
319 9671 2120 265 3563 4716 5836 8175 9106 1299 884 4565 5816 2077 1534
320 5088 7779 9671 2120 265 3563 5836 8175 9106 1299 884 4565 1523 5816 2077 1534
321 9671 2120 265 3563 4716 5836 8175 9106 1299 884 4565 5816 2077 1534
322 9671 2120 265 7736 3563 4716 5836 8175 9106 884 4565 5816 2077
323 7779 265 3563 4716 5836 989 2288 9106 1299 884 4565 2805 5816 7226 2077 1534
324 7779 4997 9671 2120 5193 5836 8175 989 2288 9106 1299 884 4565 4917 5715 5816 7226 2077 1534
325 9671 2120 265 3563 4716 5836 8175 9106 1299 884 4565 5816 2077 1534
326 9671 2120 265 3563 4716 5836 8175 9106 1299 884 4565 5816 2077 1534
327 7779 4997 9671 2120 265 6248 4716 5836 8175 1299 884 4565 4917 9013 7736 5715 989 1534
328 7779 4997 9671 2120 265 7736 4716 5836 8175 9106 1299 884 4565 5816 2077
329 9671 2120 265 3563 4716 5836 8175 9106 1299 884 4565 5816 2077 1534
330 2240 7779 4997 9671 2120 265 3563 4716 5836 8175 9199 9106 1299 884 5816 2077
331 9671 2120 265 3563 4716 5836 8175 9106 1299 884 4565 5816 2077 1534
332 2240 4997 9671 2120 265 7688 3563 4716 5836 8175 989 9106 1299 4565 9013 5816 2077
333 7779 9671 2120 7688 7736 3563 4716 5836 8175 989 9199 9106 1299 884 4565 9013 2288 5816 5715 2077
334 7779 4997 9671 2120 265 3563 4716 5836 8175 989 1299 884 4565 5715 7736 2077
335 7779 4997 9671 2120 265 7736 4716 5836 8175 9106 1299 884 4565 5816 2077
336 2240 7779 9671 2120 265 7736 3563 5836 8175 9106 1299 7699 4565 2805 9013 5816 7226 2077
337 7779 4997 9671 2120 265 7688 3563 5836 8175 9106 1299 884 4565 9013 7699 5816 2077
338 9671 2120 7688 5193 3563 4716 5836 8175 9106 1299 884 4565 5816 7226 2077 1534
339 5088 7779 4997 9671 2120 265 7736 3563 5836 8175 2288 9106 1299 7699 4565 5816 7226 2077
340 7779 9671 2120 265 4716 5836 8175 989 9106 1299 884 4565 2805 2077 1534
341 7779 4997 2120 265 7688 3563 5836 7736 8175 989 2288 9106 1299 884 4565 5816 2077 1534
342 7779 9671 2120 265 3563 4716 5836 8175 989 9106 1299 1523 4565 9013 5715 7736 2077
343 9671 2120 265 3563 4716 5836 8175 9106 1299 884 4565 5816 2077 1534
344 7779 4997 9671 2120 7688 7736 3563 4716 5836 8175 2288 1299 884 4565 5715 5816 7226 2077
345 7779 8579 4997 9671 2120 3563 4716 5836 8175 2288 9106 5715 884 4565 9013 5816 2077
346 2240 7779 4997 2120 265 7688 5193 4716 5836 8175 9199 1299 884 4565 5816 7226 2077
347 5088 2240 7779 9671 2120 265 3563 5836 8175 2288 9106 1299 884 4565 9013 5816 7226
348 5088 2240 7779 4997 9671 2120 265 6248 7736 5836 8175 989 9106 4565 4917 5816 2077 1534
349 7779 9671 2120 265 3563 4716 5836 8175 9199 9106 1299 884 4565 5816
350 7779 9671 2120 265 7736 3563 8175 9199 2288 9106 1299 884 4565 9013 5816 7226 2077
351 7779 4997 9671 2120 265 7736 4716 5836 8175 9106 1299 884 4565 5816 2077
352 9671 2120 265 3563 4716 5836 8175 9106 1299 884 4565 5816 2077 1534
353 4997 9671 2120 265 7688 3563 4716 5836 8175 9106 1299 884 4565 5715 7736 2077
354 7779 4997 9671 2120 265 7736 3563 5836 8175 9199 1299 884 4565 9013 7699 5816 7226 2077
355 2240 7779 4997 9671 2120 265 3563 4716 5836 8175 2288 9106 1299 4565 5816 2077 1534
356 2240 7779 2120 265 5193 3563 5836 8175 989 9106 1299 884 4565 2805 5816 2077
357 7779 4997 9671 2120 265 5193 7736 5836 8175 9199 9106 1299 884 4565 9013 5715 5816 7226 2077
358 9671 2120 265 3563 4716 5836 8175 9106 1299 884 4565 5816 2077 1534
359 2240 9671 2120 265 5193 3563 4716 5836 8175 989 9106 1299 884 4565 7699 2077
360 4997 9671 2120 7736 4716 5836 8175 989 9106 1299 884 4565 2805 9013 5816 7699 7226 5715 2077
361 2240 9671 2120 265 5193 3563 4716 8175 989 9106 1299 884 4565 7699 5816 2077
362 7779 6020 4997 9671 2120 265 7736 4716 5836 8175 1299 884 4565 5715 5816 7226 989 1534
363 7779 9671 2120 7688 3563 4716 5836 8175 989 9106 1299 5715 4565 9013 5816 7226 2077
364 7779 9671 2120 265 7688 3563 4716 5836 7736 8175 9199 1299 884 4565 9013 5715 5816 2077
365 4997 9671 2120 265 7688 935 4716 5836 8175 989 2288 9106 1299 884 4565 9013 5816 2077
366 7779 9671 2120 265 3563 4716 5836 8175 9199 9106 1299 884 4565 5816
367 7779 8579 4997 9671 2120 265 3563 5836 8175 9106 1299 884 4565 9013 5715 7226 1534
368 7779 4997 9671 2120 7688 3563 5836 8175 989 2288 9106 1299 884 4565 1523 5715 7736 7226 2077
369 7779 6020 4997 9671 2120 265 4716 5836 3758 8175 989 9199 9106 1299 884 4565 9013 5715 2077 1534
370 9671 2120 265 3563 4716 5836 8175 9106 1299 884 4565 5816 2077 1534
371 5088 2240 4997 9671 2120 265 3563 4716 5836 8175 9106 1299 884 4565 9013 7736 2077 1534
372 3936 9671 2120 265 5193 3563 4716 5836 8175 989 2288 9106 1299 884 4565 2077
373 9671 2120 265 3563 4716 5836 8175 9106 1299 884 4565 5816 2077 1534
374 7779 4997 9671 2120 4716 8175 989 9106 1299 884 4917 2805 7699 5816 7226 2077
375 4997 9671 2120 265 7688 3563 4716 5836 8175 989 9106 4565 9013 5816 2077 1534
376 2240 4997 9671 2120 265 7688 3563 4716 5836 8175 989 9106 1299 4565 9013 5816 2077
377 2240 7779 4997 9671 2120 265 7688 3563 4716 5836 8175 9106 1299 7699 4565 9013 5816 989
378 3936 9671 2120 265 3563 4716 5836 8175 9106 1299 884 4565 7699 5816 2077
379 2240 7779 4997 9671 2120 7688 5193 3563 4716 5836 8175 2288 9106 1299 4565 5816 7226 2077 1534
380 9671 2120 265 3563 4716 5836 8175 9106 1299 884 4565 5816 2077 1534
381 2240 7779 4997 9671 2120 265 3563 4716 5836 8175 2288 9106 1299 4565 5816 2077 1534
382 7779 9671 2120 265 7688 3563 4716 5836 7736 8175 9199 1299 884 4565 9013 5715 5816 2077
383 9671 2120 265 3563 4716 5836 8175 9106 1299 884 4565 5816 2077 1534
384 2240 7779 4997 9671 2120 265 3563 4716 5836 8175 2288 9106 1299 4565 5816 2077 1534
385 2240 7779 4997 9671 2120 265 5193 3563 5836 7736 8175 989 1299 7699 4565 2805 9013 5816 7226 2077
386 9671 2120 265 3563 4716 5836 8175 9106 1299 884 4565 5816 2077 1534
387 7779 4997 9671 2120 265 7736 3563 8175 2288 9106 1299 7699 4565 4917 2805 9013 7226 989
388 7779 9671 2120 265 4716 5836 8175 9106 1299 4565 5816 2617 7226 2077
389 7779 4997 9671 2120 391 7736 3563 4716 2288 9106 1299 4565 4917 5816 7226 989
390 7779 6020 4997 9671 2120 265 5193 7736 4716 5836 8175 9199 9106 1299 884 4565 9013 5816 989
391 7779 9671 2120 265 3563 4716 5836 8175 9199 9106 1299 884 4565 5816
392 9671 2120 265 3563 4716 5836 8175 9106 1299 884 4565 5816 2077 1534
393 2240 6248 265 7688 3563 5836 8175 989 9106 1299 884 4565 5816 7226 2077
394 7779 8579 4997 9671 2120 3563 4716 5836 8175 9199 2288 9106 1299 884 4565 5715 5816 2077
395 9671 2120 7688 5193 3563 4716 5836 8175 9106 1299 884 4565 5816 7226 2077 1534
396 7779 9671 2120 265 5193 3563 4716 5836 8175 9106 1299 884 4565 6938 989 1534
397 4997 2120 265 5193 3563 4716 5836 8175 9106 1299 884 4565 5816 2077
398 3936 9671 2120 265 5193 3563 4716 5836 8175 989 2288 9106 1299 884 4565 2077
399 9671 2120 265 3563 4716 5836 8175 9106 1299 884 4565 5816 2077 1534
400 9671 2120 265 3563 4716 5836 8175 9106 1299 884 4565 5816 2077 1534
401 2240 7779 4997 9671 2120 265 3563 4716 5836 8175 2288 9106 1299 4565 5816 2077 1534
402 9671 2120 265 3563 4716 5836 8175 9106 1299 884 4565 5816 2077 1534
403 2240 7779 8579 9671 2120 265 7736 3563 4716 5836 8175 9106 1299 4565 5816 2077
404 2240 7779 9671 2120 7688 3563 4716 5836 8175 989 9106 1299 4565 9013 5816 7226 2077
405 4997 9671 2120 265 7688 3563 4716 7736 8175 9106 1299 884 4565 5715 5816 2077
406 7779 9671 2120 265 3563 4716 5836 8175 9199 9106 1299 884 4565 5816
407 7779 8579 4997 9671 2120 265 7736 3563 5836 8175 9106 1299 884 9013 5715 5816 7226 989
408 2240 4997 9671 2120 265 7688 3563 4716 7736 8175 9106 1299 884 4565 5816 2077
409 2240 7779 9671 2120 7688 3563 4716 5836 8175 9106 1299 884 4565 7736 7226 2077
410 9671 2120 7688 5193 3563 4716 5836 8175 9106 1299 884 4565 5816 7226 2077 1534
411 7779 4997 9671 265 5193 3563 4716 5836 8175 989 2288 1299 884 4565 9013 5816 2077
412 9671 2120 265 7736 3563 4716 5836 8175 9106 884 4565 5816 2077
413 7779 9671 2120 265 7688 3563 4716 5836 8175 9199 2288 1299 884 4565 9013 7699 5816 5715 2077 1534
414 5088 7779 4997 9671 2120 265 4716 5836 8175 2288 9106 1299 884 4565 7699 7736 7226
415 9671 2120 265 3563 4716 5836 8175 9106 1299 884 4565 5816 2077 1534
416 9671 2120 265 3563 4716 5836 8175 9106 1299 884 4565 5816 2077 1534
417 2240 7779 8579 4997 9671 2120 7736 3563 4716 5836 8175 9106 1299 884 4565 5816 2077
418 9671 2120 265 7736 3563 4716 5836 8175 9106 884 4565 5816 2077
419 4997 9671 2120 3563 4716 5836 8175 989 1299 884 4565 1523 7699 5816 7226 2077
420 4997 9671 2120 265 7688 3563 4716 7736 8175 9106 884 4565 5816 2077 1534
421 7779 8579 4997 9671 2120 7736 3563 4716 5836 8175 9106 1299 884 4565 5715 5816 2077
422 9671 2120 265 3563 4716 5836 8175 9106 1299 884 4565 5816 2077 1534
423 7779 9671 2120 265 3563 4716 5836 8175 9199 9106 1299 884 4565 5816
424 7779 9671 2120 265 3563 5836 8175 9199 9106 5715 884 4565 9013 7736 7226 2077 1534
425 7779 4997 9671 2120 265 6248 7688 7736 3758 8175 9199 9106 1299 884 4565 9013 5715 5816 7226 989 1534
426 2240 7779 8579 4997 9671 2120 7736 3563 4716 5836 8175 9106 1299 884 4565 5816 2077
427 9671 2120 265 3563 4716 5836 8175 9106 1299 884 4565 5816 2077 1534
428 9671 2120 265 3563 4716 5836 8175 9106 1299 884 4565 5816 2077 1534
429 2240 4997 2120 7736 3563 4716 5836 8175 989 1299 1523 4565 4917 2805 5816 7226 2077
430 9671 2120 265 7736 3563 4716 5836 8175 9106 884 4565 5816 2077
431 2240 7779 8579 9671 2120 265 3563 4716 5836 8175 2288 9106 4565 9013 5816 2077
432 9671 2120 265 3563 4716 5836 8175 9106 1299 884 4565 5816 2077 1534
433 8579 9671 2120 265 935 3563 5836 8175 9106 1299 884 4565 9013 5816 7226 989 1534
434 7779 6020 2120 265 5836 8175 9199 9106 7699 884 4565 4917 2805 9013 989 5727
435 2240 6020 9671 2120 265 3563 5836 8175 9199 2288 9106 1299 884 4565 9013 1042 5816 7699 7226 2077 1534
436 7779 4997 9671 2120 265 7736 935 4716 8175 989 9199 9106 1299 884 9013 7699 5715 5816 7226 2077
437 9671 2120 265 3563 4716 5836 8175 9106 1299 884 4565 5816 2077 1534
438 7779 9671 2120 265 7688 3563 4716 5836 7736 9199 989 2288 1299 884 4565 9013 5816 7226 2077
439 2240 4997 9671 2120 265 7688 3563 4716 7736 8175 9106 1299 884 4565 5816 2077
440 2240 7779 8579 4997 9671 2120 7736 3563 4716 5836 8175 9106 1299 884 4565 5816 2077
441 7779 9671 2120 265 3563 5836 8175 9199 2288 9106 1299 884 4565 9013 7736 7226 2077
442 2240 4997 9671 6248 7688 3563 4716 5836 8175 9106 1299 884 4565 5816 7226 989
443 7779 9671 2120 265 5193 3563 4716 5836 8175 2288 9106 1299 884 4565 989 1534
444 7779 8579 4997 9671 2120 7736 3563 4716 5836 8175 9106 1299 884 4565 5715 5816 2077
445 7779 4997 2120 7688 5193 3563 4716 5836 8175 989 9199 9106 1299 4565 5816 7226 2077
446 7779 4997 9671 2120 265 5193 3563 4716 5836 3758 8175 989 9106 1299 4565 2077
447 7779 4997 9671 2120 7688 7736 3563 4716 5836 8175 2288 1299 884 4565 5715 5816 7226 2077
448 7779 4997 9671 2120 265 7688 3563 4716 5836 8175 9106 1299 7699 4565 9013 5715 5816 989
449 7779 4997 9671 2120 265 7736 4716 5836 8175 9106 1299 884 4565 5816 2077
450 2240 4997 9671 2120 265 7688 3563 4716 5836 8175 989 9106 1299 4565 9013 5816 2077
451 3936 7779 9671 2120 265 7688 3563 4716 5836 7736 8175 1299 4565 5816 7226 2077
452 7779 4997 9671 2120 265 7688 3563 5836 8175 9106 1299 884 4565 9013 7699 5816 2077
453 2240 7779 9671 2120 265 7688 3563 4716 5836 7736 8175 2288 1299 4565 5816 7226 2077
454 9671 2120 265 3563 4716 5836 8175 9106 1299 884 4565 5816 2077 1534
455 9671 2120 265 3563 4716 5836 8175 9106 1299 884 4565 5816 2077 1534
456 2240 7779 4997 9671 2120 6248 3563 8175 989 2288 9106 1299 4565 4917 5816 7226 2077 1534
457 5088 3936 7779 4997 9671 2120 265 3563 4716 5836 8175 2288 9106 4565 9013 7226
458 7779 9671 2120 265 3563 4716 3758 8175 9199 9106 1299 884 4565 5715 7736 7226 1534
459 7779 4997 9671 2120 5836 8175 2288 9106 1299 884 4565 4917 9013 7736 7226 989 1534 5727
460 9671 2120 265 7688 3563 4716 5836 935 8175 9106 1299 884 4565 9013 5816 989
461 7779 4997 9671 2120 265 7688 3563 5836 8175 9106 1299 884 4565 9013 7699 5816 2077
462 4997 9671 2120 265 7688 4716 5836 8175 989 9106 1299 884 4565 9013 7699 5816 2077
463 2240 7779 9671 2120 265 935 5836 8175 9106 1299 4565 4917 2805 9013 7226 1534 5727
464 7779 9671 2120 265 7688 7736 4716 5836 8175 2288 1299 884 4565 7699 5816 7226 2077
465 4997 9671 2120 265 7736 935 4716 5836 8175 989 9199 2288 1299 884 4565 9013 5816 7226 2077
466 9671 2120 265 3563 4716 5836 8175 9106 1299 884 4565 5816 2077 1534
467 9671 2120 265 3563 4716 5836 8175 9106 1299 884 4565 5816 2077 1534
468 2240 6020 9671 2120 3563 4716 5836 8175 9106 1299 884 4565 2805 7699 5816 7226 989
469 5088 2240 7779 4997 9671 2120 265 3563 4716 5836 8175 2288 9106 1299 4565 7736 7226
470 4997 9671 2120 265 7688 3563 4716 5836 5193 8175 9199 9106 1299 884 4565 5816
471 2240 9671 2120 265 5193 3563 4716 5836 8175 989 9106 1299 884 4565 7699 2077
472 898 4997 9671 2120 265 4716 8175 2288 9106 884 4565 9013 5816 7226 989 1534
473 7779 8579 4997 9671 2120 7736 3563 4716 5836 8175 9106 1299 884 4565 5715 5816 2077
474 7779 4997 9671 2120 4716 5836 8175 9106 1299 884 4565 5816 2617 7226 2077
475 7779 4997 9671 2120 4716 5836 8175 989 2288 9106 1299 4565 4917 2805 7226 2077
476 9671 2120 265 3563 4716 5836 8175 9106 1299 884 4565 5816 2077 1534
477 9671 2120 265 3563 4716 5836 8175 9106 1299 884 4565 5816 2077 1534
478 7779 9671 2120 265 4716 5836 8175 9106 1299 4565 5816 2617 7226 2077
479 9671 2120 265 3563 4716 5836 8175 9106 1299 884 4565 5816 2077 1534
480 9671 2120 265 3563 4716 5836 8175 9106 1299 884 4565 5816 2077 1534
481 7779 4997 9671 2120 265 7688 3563 4716 5836 8175 2288 9106 1299 7762 4565 9013 5816 989
482 9671 2120 265 3563 4716 5836 8175 9106 1299 884 4565 5816 2077 1534
483 7779 4997 9671 2120 265 7736 8175 2288 9106 1299 884 4565 4917 2805 9013 7226 989 1534
484 9671 2120 265 3563 4716 5836 8175 9106 1299 884 4565 5816 2077 1534
485 2240 7779 4997 9671 2120 265 7736 3563 4716 5836 8175 2288 9106 4565 5816 2077
486 2240 4997 9671 2120 265 7688 3563 4716 5836 8175 989 9106 1299 4565 9013 5816 2077
487 4997 9671 265 7736 3563 5836 8175 989 9106 1299 884 4565 9013 5816 7226 2077
488 7779 4997 9671 2120 3563 4716 5836 8175 9199 2288 9106 1299 884 4565 9013 5715 7736 7226 989
489 7779 8579 9671 2120 265 4716 5836 8175 2288 9106 7699 884 4565 9013 5816 2077
490 7779 4997 9671 2120 265 3563 4716 5836 989 2288 884 4565 4917 5816 2077 1534
491 7779 6020 4997 9671 2120 265 3563 4716 5836 989 9106 1299 4565 2805 9013 7736 7226 2077
492 2240 9671 2120 265 3563 4716 5836 8175 989 2288 1299 884 4565 2805 5816 2077
493 4997 9671 2120 265 7736 3563 5836 8175 9199 9106 1299 884 4917 9013 7699 5816 7226 989
494 2240 7779 9671 2120 265 7736 4716 5836 8175 9106 1299 884 4565 4917 9013 5816 7699
495 5088 3936 2240 4997 9671 2120 265 6248 7736 4716 5836 8175 2288 9106 1299 4565 5816 7226 989
496 2240 4997 9671 2120 265 7688 3563 4716 7736 8175 9106 1299 884 4565 5816 2077
497 7779 9671 2120 265 5193 3563 5836 7736 3758 8175 9199 9106 1299 884 4565 5715 5816 7226 1534
498 7779 8579 9671 2120 265 7736 4716 5836 8175 9106 1299 884 4565 7699 5816 2077
499 5088 4997 9671 2120 265 7736 3563 4716 5836 8175 989 5715 4565 4917 5816 2077
