100
0 
1 0 1 2 3 4 389 5 7 6 8 138 1671 270 14 16 19 5524 25 27 155 6689 37 38 301 175 5681 50 51 5299 3252 56 6729 4947 2264 120 93 3430 103 498 8056 1401 1017
2 0 1 2 3 1156 4 5 7 8 6 129 11 1677 17 1042 19 2579 152 3097 26 1948 28 1438 2848 33 35 1152 39 1959 50 53 55 233 107 3324
3 0 1 2 3 4 515 6 7 519 9 10 138 387 11 1290 15 2060 18 20 26 27 155 9886 32 42 170 46 309 4023 65 77 78 466 472 88 90 95 1263 369 4977 6259 2291 3711
4 0 1 2 3 5 6 7 8 10 11 12 13 15 402 277 23 27 29 3244 1966 47 2610 52 436 7995 65 835 332 76 722 82 982 859 97 98 102 104 127
5 0 1 2 3 129 257 7 1671 10 15 17 22 3097 2460 29 4768 45 46 818 308 55 3769 323 1737 5196 589 2894 78 2383 1377 1635 488 106 120
6 0 1 2 3 2818 5 6 8 1161 9 138 14 15 2065 19 22 280 156 39 43 428 301 53 183 57 2235 9021 63 323 329 206 1489 83 4182 88 1245 6243 233 1903 1263 123
7 0 1 2 3 4 515 6 7 519 9 10 138 387 11 1290 15 18 20 3097 26 27 155 9886 32 42 170 46 309 4023 65 77 78 466 472 88 90 95 1263 369 4977 6259 2291 3711
8 0 1 2 6 2568 14 20 276 25 26 1179 1307 34 1954 804 36 3366 433 4150 56 447 211 595 982 9305 608 352 485 229 2282 238 239 510
9 0 1 2 3 770 4 6 5 3975 11 14 16 17 1169 662 919 23 27 29 32 1187 5672 43 1841 62 64 69 454 583 75 587 87 90 1373 1117 356 107 495 118
10 0 1 2 3 4 6 7 8 778 24 6169 26 1696 38 936 3499 3249 53 566 4152 63 66 708 69 1107 83 88 90 4964 486 111 113 884 117 3831
11 0 1 2 3 4 646 8 138 11 8973 14 272 19 23 24 28 29 7970 419 35 3236 7718 1959 297 42 51 64 88 1752 9957 235 108 1263 118 6137 123
12 0 1 2 3 4 515 6 7 519 9 10 138 387 11 1290 15 18 20 26 27 155 9886 32 42 170 46 309 4023 65 708 77 78 466 472 88 90 95 1263 369 4977 6259 2291 3711
13 0 1 2 3 5 389 7 8 1401 6 1413 270 14 16 19 5524 25 27 7325 33 6689 37 1452 301 175 5681 50 51 5299 53 8116 55 1334 708 4947 120 2142 498 8056 1017 3324 4350
14 0 1 2 3 4 5 6 7 133 2312 4226 8 3975 13 269 1561 27 28 37 38 7979 51 1588 309 56 61 2625 708 207 339 603 1886 224 1379 355 7278 371 2293
15 0 1 2 3 131 5 6 7 8 1161 10 138 14 18 280 537 428 4145 308 1849 58 9021 318 63 64 62 708 69 455 969 206 1489 83 979 4182 87 218 1766 233 1530 255
16 0 1 3458 3 4 5 2 645 7 9 8 900 4364 15 272 17 18 402 148 29 161 5921 37 554 44 301 51 309 55 830 2882 67 1865 83 861 225 105 121 1150 1663
17 0 1 2 3 4482 5 6 8 9 10 11 13 14 15 18 19 2710 2456 8345 543 163 3244 173 53 57 2105 64 460 1502 3425 6887 747 1263 1137 115 377 126
18 0 1 2 3 4 5 132 7 6 9 263 138 12 918 24 27 7070 678 39 6440 47 50 9162 468 597 88 1502 1506 2818 108 119 761 2426 124 126
19 0 1 2 3 4 5 6 2052 136 9 8 11 12 13 15 17 18 19 1428 21 22 23 1434 161 2218 171 8629 187 62 8512 724 2262 2135 3038 100 236 114 243 251
20 0 1 2 3 4 5 6 7 133 2312 4226 8 13 269 1561 27 28 37 38 7979 3244 51 1588 309 56 61 2625 708 207 339 603 1886 224 1379 355 7278 371 2293
21 0 1152 2 3 1156 4 1 7 5120 131 138 12 17 1042 18 20 1948 1438 1951 35 422 39 44 325 70 457 1737 95 4319 5604 233 885 1402
22 0 1 2 3 4 5 2818 7 10 138 13 16 150 25 26 2720 1313 807 3244 49 9652 316 956 5442 68 708 2631 1991 75 77 2639 84 725 218 1502 3053 1790
23 0 1 387 4 5 6 7 392 9 138 2445 15 1424 400 17 22 26 155 28 30 31 158 3362 1954 36 168 3244 2478 49 51 85 993 2022 106 2927 1017 6270 2431
24 0 1 2 3 7 136 8 10 11 268 3975 2062 14 16 20 21 25 2458 28 1572 1706 53 1595 63 2883 69 456 82 83 5724 9566 619 116 372 2683 4859
25 0 1 2 3 4 5 6 2052 136 9 8 11 12 13 15 17 18 19 1428 21 22 23 1434 161 2218 171 8629 187 62 8512 724 2262 2135 3038 100 236 114 243 251
26 0 1 2 3 4 5 8 6025 12 17 5778 19 21 24 26 796 29 672 38 169 42 45 1583 47 1591 68 3915 92 1503 7777 100 869 1263 117
27 0 1 2 3 4227 4 6 7 5 8450 138 11 18 281 25 6045 34 176 49 180 186 6779 709 4040 6614 1368 104 3053 8949 505 251
28 0 1 2 3 4 5 8 6025 12 17 5778 19 21 24 26 796 29 672 5921 38 169 42 554 45 1583 47 1591 68 708 3915 92 1503 7777 100 117
29 0 1 2 2818 4 6 9 10 12 397 14 2702 145 21 26 6171 29 2848 676 2088 41 689 1465 72 467 724 7895 859 1502 100 105 244 381
30 0 1 2 3 4 7 8 13 14 16 914 659 277 22 278 25 26 7195 803 37 38 1958 45 173 178 50 957 194 7117 6226 210 601 90 100 9593 766
31 0 2 2051 4 5 3 7 10 11 138 13 21 23 33 1318 2987 2221 1340 708 77 79 9041 218 1757 351 96 1121 98 227 485 1896 238 500
32 0 1 2 3 4 5 129 7 519 7687 138 779 14 15 18 19 2195 21 2706 25 27 28 157 1956 36 38 39 1843 68 1863 1737 2132 1623 1495 229 3689 375 891 511
33 0 1 2 3 4227 4 6 7 5 138 11 1290 18 281 25 6045 2848 34 176 49 180 186 6779 709 4040 6614 1368 869 104 3053 8949 505 251
34 0 2 2051 4 5 3 7 10 11 13 21 23 33 1318 2987 3244 2221 1583 1340 77 79 9041 218 1757 351 96 1121 98 227 1896 238 1263 500
35 0 1 3 4 6 7 262 138 13 3476 405 22 20 284 34 36 45 686 178 52 54 186 2114 2250 84 87 2521 602 3679 98 103 106 107 886
36 0 1 2 3 7 136 8 10 11 268 3975 2062 14 16 20 21 25 2458 28 1572 1706 53 1595 63 2883 69 456 82 83 5724 9566 619 116 372 2683 4859
37 0 1 2 3 4 646 1671 8 138 11 8973 14 272 19 23 24 28 29 7970 419 35 3236 7718 1959 297 42 51 64 88 1752 1502 9957 235 108 118 6137 123
38 0 1 3458 3 4 5 2 645 7 9 8 900 4364 15 272 17 18 402 148 29 161 5921 37 554 44 301 51 309 55 830 2882 67 1865 83 861 225 105 121 1150 1663
39 0 1 2 3 1156 4 5 7 8 6 129 11 138 17 1042 19 26 1948 28 1438 33 35 39 1959 3244 50 51 53 55 5834 233 120 3324
40 0 2 2051 4 5 3 7 10 11 138 13 21 23 2848 33 1318 2987 2221 1340 77 79 9041 218 1757 351 96 1121 98 227 485 1896 238 1263 500
41 0 1 2 3 4 5 7 8 141 14 399 20 21 4630 24 25 1054 30 549 40 41 50 2360 68 71 585 73 715 475 3676 364 8948 121 8444
42 0 1 2 3 5 6 7 8 9 10 11 12 13 15 402 23 27 155 29 8733 1966 47 2610 1593 7995 65 835 68 332 76 722 82 1888 97 98 102 5350 104 127
43 0 128 7170 5 1414 6 2184 7 10 11 12 144 21 280 31 32 175 179 55 2746 1741 1614 9175 89 730 609 235 6382 9073 120
44 0 1 258 3 4 2 517 264 12 13 142 16 19 659 21 22 275 148 418 36 40 8365 3502 6450 435 1332 184 1210 58 1979 64 9295 2385 992 612 234 621 625 1401 126
45 0 1 3458 3 4 2 5 7 8 6 10 11 13 15 272 16 148 544 7971 37 44 301 309 55 830 63 960 2882 67 1865 975 209 725 105 121 1790 1663
46 0 1 2 259 4 3 6 517 8 9 138 2818 12 2060 21 24 3378 4148 53 59 4288 450 71 329 2003 724 853 2525 1245 94 106 108 4729 378 123 126
47 0 1 2 3 4482 5 4 7 8 3975 10 11 1671 14 275 276 3989 23 27 34 37 429 174 47 49 50 58 3648 218 1506 611 866 750 122 3839
48 0 1 2 3 4226 389 5 7 6 4869 2818 13 270 14 16 269 19 5524 25 1561 27 28 2848 6689 37 38 301 175 5681 50 51 5299 309 56 2625 4947 859 120 224 498 8056 1401 1017
49 0 1 2 3 4227 4 6 7 5 138 11 18 281 25 6045 797 34 176 49 180 186 6779 709 4040 6614 1368 104 3053 8949 505 251
50 0 1 2 3 2818 5 6 1671 8 1161 9 138 14 15 2065 19 22 280 156 39 43 428 301 53 183 57 2235 9021 63 323 329 206 1489 83 4182 88 1245 6243 233 1903 123
51 0 1 2 3 770 4 6 5 11 14 16 17 1169 662 919 23 27 29 32 1187 5672 43 1841 62 64 708 69 454 583 75 587 87 90 1373 1117 356 107 495 118
52 0 1 258 2 4 5893 3 8 3849 12 13 19 1816 2844 28 1436 2333 1951 289 5027 38 948 59 187 189 68 9798 4807 2889 587 76 222 6249 493 4335 249
53 0 1 2 3 4 5 8 6025 12 17 5778 19 21 24 26 796 29 672 38 169 42 45 1583 47 1591 68 3915 92 1503 7777 100 869 1263 117
54 0 1 2 131 4 5 6 3 8 11 142 14 15 17 529 19 533 2453 23 24 22 28 2341 5926 168 170 4526 55 571 708 1737 203 75 4430 468 346 9053 2911 1132 624 114 243 253
55 0 1 2 3 4 515 6 7 519 9 10 138 387 11 1290 15 18 20 26 27 155 9886 32 42 170 46 309 4023 65 708 77 78 466 472 88 90 95 1263 369 4977 6259 2291 3711
56 0 1 2 3 2818 5 6 8 1161 9 138 14 15 2065 19 22 280 156 39 43 428 301 53 183 57 2235 9021 63 323 329 206 1489 83 4182 88 1245 6243 233 1903 123
57 0 1 2 3 4 5 6 7 2568 9 138 16 2579 19 1686 24 158 1310 32 4001 45 46 947 567 1087 65 4162 968 7624 5834 77 1105 2664 107 126 1407
58 0 1 2 3 1156 4 5 7 8 6 129 11 1677 17 1042 19 2579 152 26 1948 28 1438 33 35 1152 39 1959 50 53 55 233 107 3324
59 0 1 2 1027 3 5 9 3730 19 21 406 278 24 280 27 36 39 554 561 63 67 708 71 328 714 4051 469 597 92 99 1127 1388 5361 6137
60 0 1 2 3 1156 4 5 7 8 6 129 11 3975 1677 17 1042 19 2579 152 26 1948 28 1438 33 35 1152 39 1959 3756 50 53 55 233 107 3324
61 0 1 2 3 4 5 6 2052 136 9 8 11 12 13 138 15 17 18 19 1428 21 22 23 1434 161 2218 171 554 8629 187 62 8512 724 2262 2135 3038 1502 100 114 243 120 251
62 0 1 3 4 259 6 9 11 12 766 16 25 539 27 3488 928 42 178 51 182 700 190 6729 6226 725 90 120 95 355 100 248 9593 510
63 0 1 2 3 1027 5 4 7 8 9 141 14 3730 20 21 4630 406 278 25 27 1054 5926 40 41 554 2360 63 68 71 328 585 1737 468 469 597 475 859 1127 121
64 0 1 2 3 1156 4 5 7 8 6 129 11 1677 17 1042 19 2579 152 3097 26 1948 28 1438 33 35 1152 39 1959 50 53 55 1502 233 107 3324
65 0 1 2 3 5 8 1290 14 15 2065 1298 19 21 22 280 153 25 925 165 39 43 3244 177 178 53 824 2746 2235 6459 1597 82 4819 341 5720 1247 357
66 0 1 2 129 3 5 6 2818 138 11 12 1677 13 15 17 145 19 21 152 25 26 28 35 1828 37 1959 1967 50 6480 218 606 7658 3700 244 375 1271 4477
67 0 2 3 4 134 7 9 10 11 12 651 138 273 18 19 21 3097 28 8733 33 161 4138 554 173 433 1593 68 197 75 207 81 1888 2657 5350 1130 499 244
68 0 1 2 3 4 8 9 11 12 2960 17 19 20 23 25 411 29 286 1310 32 160 37 3244 47 815 5812 57 60 63 1345 3266 71 1225 2769 468 984 601 2148 240 119
69 0 1 2 3 7 136 8 10 11 268 3975 2062 14 16 138 20 21 25 2458 27 155 797 1706 53 1595 63 2883 69 456 82 83 1671 5724 9566 619 116 372 2683 4859
70 0 1 2 3 4227 4 6 7 5 138 11 18 281 25 6045 797 34 176 49 180 186 6779 709 4040 6614 1368 104 3053 8949 505 251
71 0 129 2 131 4 5 3 1 8 7 138 652 12 15 19 662 152 3097 27 28 4386 37 38 41 554 44 3244 5170 3252 1079 56 65 200 715 1361 93 94 3430 103 119
72 0 2 3 4 134 7 9 10 11 12 651 16 18 21 28 8733 33 161 4138 173 433 1593 68 197 75 207 81 1888 2657 5350 1130 499 244
73 0 1 2 3 4 5 6 2052 136 9 8 11 12 13 138 15 1290 17 18 19 1428 21 22 23 1434 1310 161 5926 2218 171 8629 187 62 8512 1737 724 2262 2135 3038 100 114 243 251 126
74 0 1 2 3 4 5 7 10 13 16 150 25 26 2720 1313 807 49 9652 316 956 5442 68 2631 1991 2120 75 77 2639 84 725 2264 218 3053 1790
75 0 1 2 3 4 5 6 7 519 9 10 138 1290 15 18 20 148 26 27 9886 32 42 170 46 309 4023 65 2882 77 78 466 472 88 90 95 1263 369 4977 6259 2291 3711
76 0 1 2 3 4 5 8 6025 12 17 5778 19 21 24 26 796 29 672 38 169 42 45 1583 47 1591 68 3915 92 1503 7777 100 869 1263 117
77 0 1 2 3 4 515 6 7 519 9 10 138 387 11 1290 15 18 20 26 27 155 9886 32 42 170 46 309 4023 65 77 78 466 472 88 90 1502 95 1263 369 4977 6259 2291 3711
78 0 1 2 3 4 5 7 8 9 10 12 13 20 21 26 156 4253 1310 2079 2848 162 35 290 425 41 2735 1456 51 52 53 70 340 1368 1881 99 5226 7147 121 1148
79 0 1 2 3 4 515 6 7 519 9 10 138 387 11 1290 15 3975 18 20 26 27 155 9886 32 42 170 46 309 4023 65 77 78 466 472 88 90 95 2153 1263 369 4977 6259 2291 3711
80 0 1 2 3 4 5 7 10 138 13 16 150 25 26 2720 1313 2848 807 49 9652 316 956 5442 68 2631 1991 75 77 2639 84 725 218 3198 2153 3053 1790
81 0 1 2 4 132 138 13 527 15 5778 147 19 22 24 1053 161 1571 38 3879 2475 300 173 176 54 7481 2745 60 3400 205 211 216 92 95 5731 2153 363 245 2423 1017
82 0 1 2 3 1027 5 4 7 8 9 141 14 3730 20 21 4630 406 278 25 3097 27 1054 40 41 2360 63 68 71 328 585 199 469 597 475 1127 121
83 0 1 2 3 5 262 8 9 11 12 526 20 7574 28 284 412 1184 37 1958 48 1846 439 4790 566 452 582 3016 202 1740 4314 859 105 109
84 0 1 2 256 3 5 896 1927 1671 9 10 138 1290 141 792 3097 27 4768 33 34 166 172 46 49 186 1854 322 68 2503 74 1743 2383 209 468 86 219 1150
85 0 1 2 3 4 6 8 1290 15 1168 17 148 20 406 26 158 2979 676 35 41 49 9798 712 1481 1737 206 336 9562 989 105 107 1005 3317 379 1919
86 0 1 2 3 4 5 8 6025 12 17 5778 19 21 24 26 796 29 672 38 169 42 45 1583 47 1591 68 3915 92 1503 7777 100 869 1263 117
87 0 1 2 3 4 5 6 2052 136 9 8 11 12 13 138 15 17 18 19 1428 21 22 23 1434 161 2218 171 554 8629 187 62 8512 724 2262 2135 3038 100 114 243 120 251
88 0 1 2 3 4 5 8 6025 9 12 13 17 914 19 21 24 26 796 29 672 169 42 45 1583 47 1591 57 68 1737 3915 1503 7777 100 869 117
89 0 1 2 3 4227 4 6 7 5 900 138 11 18 281 25 6045 34 554 176 49 180 186 6779 709 4040 6614 1368 104 3053 8949 505 251
90 0 1 3458 3 4 5 2 645 7 9 8 900 4364 15 272 17 18 402 148 29 161 5921 37 554 44 301 51 309 55 830 2882 67 1865 83 861 225 105 121 1150 1663
91 0 2 3 4 134 7 9 10 11 12 651 273 18 19 21 28 8733 1310 2591 33 161 4138 554 3244 173 433 1593 68 197 75 207 81 1888 2657 5350 1130 499 244
92 0 1 2 4 6 7 9 521 11 277 278 24 26 27 156 37 3753 5546 45 6847 64 194 715 7117 80 210 601 1627 1506 497 113 9203 9208 1275 127
93 0 1 3458 3 4 5 2 645 7 9 8 900 4364 15 272 17 18 402 148 29 161 5921 37 554 44 301 51 309 55 830 2882 67 1865 83 861 225 105 121 1150 1663
94 0 1 3 4 5 645 6 264 9 135 900 12 268 14 15 11 17 18 402 655 22 23 29 161 8 554 51 180 842 332 83 217 861 225 1506 1000 232 1263 114 1150
95 0 1 2 3 4 5 7 10 13 16 150 25 26 155 2591 2720 1313 807 49 9652 316 956 5442 68 2631 1991 75 77 2639 84 725 218 3053 1790
96 0 1 2 3 4 7 9 10 138 1290 15 17 145 20 21 3094 280 156 1692 33 38 166 301 47 1203 183 57 58 63 323 1101 6222 468 88 605 6243 9572 101 5482 1903 7151 630 120 1404
97 0 1 2 3 1027 5507 5 7 8 9 10 138 14 15 17 659 22 25 282 27 7195 803 38 173 559 50 51 69 2889 76 209 83 3044 3429 359 106 121
98 0 1 2 4 2950 6 5638 7 9 138 12 13 1041 4372 4247 26 28 544 33 2848 419 169 559 5554 836 2628 338 1363 476 224 355 101 1390 628 505 9086
99 0 1 3 4 5 6 7 3975 9 12 2444 16 19 20 22 539 31 419 8488 6697 940 5294 2233 188 708 73 3790 980 602 7387 91 358 231 3699 1011
